auth/build/outputs/logs/manifest-merger-debug-report.txt
-- Merging decision tree log ---
meta-data#com.facebook.sdk.AutoLogAppEventsEnabled
INJECTED from src/main/AndroidManifest.xml:19:9-21:50
	android:value
		INJECTED from src/main/AndroidManifest.xml
		ADDED from src/main/AndroidManifest.xml:21:13-47
	android:name
		ADDED from src/main/AndroidManifest.xml:20:13-68
manifest
ADDED from src/main/AndroidManifest.xml:1:1-82:12
INJECTED from src/main/AndroidManifest.xml:1:1-82:12
INJECTED from src/main/AndroidManifest.xml:1:1-82:12
INJECTED from src/main/AndroidManifest.xml:1:1-82:12
INJECTED from src/main/AndroidManifest.xml:1:1-82:12
INJECTED from src/main/AndroidManifest.xml:1:1-82:12
INJECTED from src/main/AndroidManifest.xml:1:1-82:12
	package
		ADDED from src/main/AndroidManifest.xml:4:5-35
		INJECTED from src/main/AndroidManifest.xml
		INJECTED from src/main/AndroidManifest.xml
	android:versionName
		INJECTED from src/main/AndroidManifest.xml
		ADDED from src/main/AndroidManifest.xml:1:1-82:12
		INJECTED from src/main/AndroidManifest.xml
	xmlns:tools
		ADDED from src/main/AndroidManifest.xml:3:5-51
	android:versionCode
		INJECTED from src/main/AndroidManifest.xml
		ADDED from src/main/AndroidManifest.xml:1:1-82:12
		INJECTED from src/main/AndroidManifest.xml
	xmlns:android
		ADDED from src/main/AndroidManifest.xml:2:5-63
uses-permission#android.permission.ACCESS_NETWORK_STATE
ADDED from src/main/AndroidManifest.xml:6:5-79
	android:name
		ADDED from src/main/AndroidManifest.xml:6:22-76
uses-permission#android.permission.INTERNET
ADDED from src/main/AndroidManifest.xml:7:5-67
	android:name
		ADDED from src/main/AndroidManifest.xml:7:22-64
application
ADDED from src/main/AndroidManifest.xml:9:5-80:19
meta-data#com.google.android.gms.version
ADDED from src/main/AndroidManifest.xml:11:9-13:69
	android:value
		ADDED from src/main/AndroidManifest.xml:13:13-66
	android:name
		ADDED from src/main/AndroidManifest.xml:12:13-58
meta-data#com.facebook.sdk.ApplicationId
ADDED from src/main/AndroidManifest.xml:15:9-17:63
	android:value
		ADDED from src/main/AndroidManifest.xml:17:13-60
	android:name
		ADDED from src/main/AndroidManifest.xml:16:13-58
activity#com.firebase.ui.auth.KickoffActivity
ADDED from src/main/AndroidManifest.xml:23:9-27:61
	android:label
		ADDED from src/main/AndroidManifest.xml:25:13-29
	android:exported
		ADDED from src/main/AndroidManifest.xml:26:13-37
	android:theme
		ADDED from src/main/AndroidManifest.xml:27:13-58
	android:name
		ADDED from src/main/AndroidManifest.xml:24:13-44
activity#com.firebase.ui.auth.ui.email.RecoverPasswordActivity
ADDED from src/main/AndroidManifest.xml:29:9-32:39
	android:label
		ADDED from src/main/AndroidManifest.xml:31:13-72
	android:exported
		ADDED from src/main/AndroidManifest.xml:32:13-37
	android:name
		ADDED from src/main/AndroidManifest.xml:30:13-61
activity#com.firebase.ui.auth.ui.email.RegisterEmailActivity
ADDED from src/main/AndroidManifest.xml:34:9-37:39
	android:label
		ADDED from src/main/AndroidManifest.xml:36:13-56
	android:exported
		ADDED from src/main/AndroidManifest.xml:37:13-37
	android:name
		ADDED from src/main/AndroidManifest.xml:35:13-59
activity#com.firebase.ui.auth.ui.phone.PhoneVerificationActivity
ADDED from src/main/AndroidManifest.xml:39:9-43:39
	android:label
		ADDED from src/main/AndroidManifest.xml:41:13-66
	android:windowSoftInputMode
		ADDED from src/main/AndroidManifest.xml:42:13-61
	android:exported
		ADDED from src/main/AndroidManifest.xml:43:13-37
	android:name
		ADDED from src/main/AndroidManifest.xml:40:13-63
activity#com.firebase.ui.auth.ui.accountlink.WelcomeBackIdpPrompt
ADDED from src/main/AndroidManifest.xml:45:9-48:39
	android:label
		ADDED from src/main/AndroidManifest.xml:47:13-70
	android:exported
		ADDED from src/main/AndroidManifest.xml:48:13-37
	android:name
		ADDED from src/main/AndroidManifest.xml:46:13-64
activity#com.firebase.ui.auth.ui.accountlink.WelcomeBackPasswordPrompt
ADDED from src/main/AndroidManifest.xml:50:9-53:39
	android:label
		ADDED from src/main/AndroidManifest.xml:52:13-75
	android:exported
		ADDED from src/main/AndroidManifest.xml:53:13-37
	android:name
		ADDED from src/main/AndroidManifest.xml:51:13-69
activity#com.firebase.ui.auth.ui.idp.AuthMethodPickerActivity
ADDED from src/main/AndroidManifest.xml:55:9-58:39
	android:label
		ADDED from src/main/AndroidManifest.xml:57:13-62
	android:exported
		ADDED from src/main/AndroidManifest.xml:58:13-37
	android:name
		ADDED from src/main/AndroidManifest.xml:56:13-60
activity#com.facebook.FacebookActivity
ADDED from src/main/AndroidManifest.xml:60:9-64:48
	android:label
		ADDED from src/main/AndroidManifest.xml:62:13-45
	tools:ignore
		ADDED from src/main/AndroidManifest.xml:64:13-45
	android:configChanges
		ADDED from src/main/AndroidManifest.xml:63:13-96
	android:name
		ADDED from src/main/AndroidManifest.xml:61:13-57
activity#com.facebook.CustomTabActivity
ADDED from src/main/AndroidManifest.xml:66:9-78:20
	android:exported
		ADDED from src/main/AndroidManifest.xml:68:13-36
	tools:ignore
		ADDED from src/main/AndroidManifest.xml:69:13-45
	android:name
		ADDED from src/main/AndroidManifest.xml:67:13-58
intent-filter#android.intent.action.VIEW+android.intent.category.BROWSABLE+android.intent.category.DEFAULT
ADDED from src/main/AndroidManifest.xml:70:13-77:29
action#android.intent.action.VIEW
ADDED from src/main/AndroidManifest.xml:71:17-69
	android:name
		ADDED from src/main/AndroidManifest.xml:71:25-66
category#android.intent.category.DEFAULT
ADDED from src/main/AndroidManifest.xml:73:17-76
	android:name
		ADDED from src/main/AndroidManifest.xml:73:27-73
category#android.intent.category.BROWSABLE
ADDED from src/main/AndroidManifest.xml:74:17-78
	android:name
		ADDED from src/main/AndroidManifest.xml:74:27-75
data
ADDED from src/main/AndroidManifest.xml:76:17-81
	android:scheme
		ADDED from src/main/AndroidManifest.xml:76:23-78
uses-sdk
INJECTED from src/main/AndroidManifest.xml reason: use-sdk injection requested
INJECTED from src/main/AndroidManifest.xml
INJECTED from src/main/AndroidManifest.xml
INJECTED from src/main/AndroidManifest.xml
INJECTED from src/main/AndroidManifest.xml
	android:targetSdkVersion
		INJECTED from src/main/AndroidManifest.xml
		ADDED from src/main/AndroidManifest.xml
		INJECTED from src/main/AndroidManifest.xml
	android:minSdkVersion
		INJECTED from src/main/AndroidManifest.xml
		ADDED from src/main/AndroidManifest.xml
		INJECTED from src/main/AndroidManifest.xml